cn059ib0 16301.68
cn060ib0 14935.18
cn061ib0 16447.28
cn062ib0 14854.45
cn063ib0 15378.84
cn064ib0 16080.82
cn065ib0 16389.96
cn066ib0 16198.24
cn067ib0 15212.48
cn068ib0 16363.78
cn069ib0 16364.16
cn070ib0 16275.48
cn071ib0 16274.81
cn072ib0 16289.74
cn073ib0 16881.58
cn074ib0 16791.10
cn075ib0 15346.45
cn076ib0 14840.13
cn077ib0 16178.54
cn078ib0 12702.02
cn079ib0 16383.41
cn080ib0 15023.32
cn081ib0 16369.77
cn082ib0 15346.38
cn083ib0 16376.48
cn084ib0 14816.04
cn085ib0 16428.58
cn086ib0 16238.19
cn087ib0 16298.87
cn088ib0 16764.97
cn089ib0 16947.67
cn090ib0 16219.61
cn091ib0 16098.48
cn092ib0 16244.10
cn093ib0 17341.81
cn094ib0 17299.83
cn095ib0 16300.31
cn096ib0 16318.60
cn097ib0 16160.55
cn098ib0 16138.80
cn099ib0 16017.47
