cn059ib0 17492.45
cn060ib0 17489.08
cn061ib0 17415.48
cn062ib0 17465.11
cn063ib0 17301.95
cn064ib0 17430.56
cn065ib0 17471.77
cn066ib0 17432.64
cn067ib0 17316.56
cn068ib0 17486.35
cn069ib0 17401.28
cn070ib0 17474.62
cn071ib0 17526.13
cn072ib0 17565.69
cn073ib0 17399.43
cn074ib0 17381.65
cn075ib0 17413.21
cn076ib0 17491.58
cn077ib0 17694.78
cn078ib0 16993.59
cn079ib0 17473.07
cn080ib0 17544.09
cn081ib0 17465.24
cn082ib0 17433.38
cn083ib0 17498.11
cn084ib0 17483.10
cn085ib0 17537.82
cn086ib0 17536.54
cn087ib0 17525.76
cn088ib0 14098.87
cn089ib0 17562.17
cn090ib0 13794.67
cn091ib0 13756.62
cn092ib0 13847.39
cn093ib0 14457.79
cn094ib0 14700.66
cn095ib0 13708.96
cn096ib0 17344.83
cn097ib0 17153.34
cn098ib0 17375.62
cn099ib0 17124.62
