cn059ib0 19126.72
cn060ib0 17489.22
cn061ib0 19482.90
cn062ib0 18895.50
cn063ib0 17945.10
cn064ib0 18722.64
cn065ib0 19274.04
cn066ib0 18929.39
cn067ib0 19152.02
cn068ib0 19149.39
cn069ib0 19093.37
cn070ib0 19280.86
cn071ib0 13926.97
cn072ib0 19301.87
cn073ib0 19188.07
cn074ib0 19088.87
cn075ib0 18088.85
cn076ib0 17290.22
cn077ib0 18929.71
cn078ib0 16435.08
cn079ib0 19088.05
cn080ib0 17262.20
cn081ib0 19324.78
cn082ib0 17949.00
cn083ib0 19008.52
cn084ib0 17207.34
cn085ib0 19385.48
cn086ib0 19076.49
cn087ib0 19139.37
cn088ib0 16760.31
cn089ib0 19894.98
cn090ib0 16196.00
cn091ib0 16099.00
cn092ib0 16179.65
cn093ib0 17259.38
cn094ib0 17459.55
cn095ib0 16259.39
cn096ib0 19146.84
cn097ib0 18900.58
cn098ib0 19046.88
cn099ib0 18881.91
