cn059ib0 17265.84
cn060ib0 15813.53
cn061ib0 17746.35
cn062ib0 13467.45
cn063ib0 16573.29
cn064ib0 17097.79
cn065ib0 17490.52
cn066ib0 17002.60
cn067ib0 17657.37
cn068ib0 17315.80
cn069ib0 17540.13
cn070ib0 17397.23
cn071ib0 17436.91
cn072ib0 17511.48
cn073ib0 17377.80
cn074ib0 17114.12
cn075ib0 16415.13
cn076ib0 15762.34
cn077ib0 17156.16
cn078ib0 14986.46
cn079ib0 17237.56
cn080ib0 15729.92
cn081ib0 17226.77
cn082ib0 16257.79
cn083ib0 17075.10
cn084ib0 15550.30
cn085ib0 17032.24
cn086ib0 16982.27
cn087ib0 17070.57
cn088ib0 16758.84
cn089ib0 17915.79
cn090ib0 16148.46
cn091ib0 16171.57
cn092ib0 16051.07
cn093ib0 17112.10
cn094ib0 17410.07
cn095ib0 16180.91
cn096ib0 17323.42
cn097ib0 16933.04
cn098ib0 17063.77
cn099ib0 16819.68
