cn059ib0 12979.67
cn060ib0 17572.32
cn061ib0 19242.38
cn062ib0 18747.75
cn063ib0 18030.26
cn064ib0 18986.14
cn065ib0 19226.47
cn066ib0 18929.24
cn067ib0 19256.66
cn068ib0 18988.23
cn069ib0 19240.13
cn070ib0 19277.07
cn071ib0 19205.82
cn072ib0 19285.22
cn073ib0 19391.59
cn074ib0 18872.09
cn075ib0 17991.69
cn076ib0 17206.45
cn077ib0 18684.07
cn078ib0 16180.81
cn079ib0 19083.08
cn080ib0 17251.59
cn081ib0 19076.44
cn082ib0 17822.10
cn083ib0 18815.67
cn084ib0 16828.28
cn085ib0 19024.48
cn086ib0 18693.62
cn087ib0 18740.93
cn088ib0 16530.53
cn089ib0 19670.31
cn090ib0 16168.07
cn091ib0 16067.52
cn092ib0 16159.81
cn093ib0 15565.52
cn094ib0 17343.15
cn095ib0 16240.33
cn096ib0 20530.19
cn097ib0 18768.54
cn098ib0 22710.15
cn099ib0 18549.34
cn100ib0 18530.44
cn101ib0 14790.03
cn102ib0 14440.10
cn103ib0 16199.11
cn104ib0 16211.32
cn105ib0 16187.87
cn104ib0 16135.27
