cn059ib0 17249.18
cn060ib0 15870.03
cn061ib0 17578.94
cn062ib0 15818.86
cn063ib0 16365.31
cn064ib0 17268.28
cn065ib0 17444.35
cn066ib0 17105.79
cn067ib0 17317.17
cn068ib0 17186.98
cn069ib0 17346.12
cn070ib0 18205.72
cn071ib0 17473.81
cn072ib0 17436.50
cn073ib0 17471.98
cn074ib0 17250.57
cn075ib0 16385.80
cn076ib0 13671.54
cn077ib0 17235.52
cn078ib0 14991.69
cn079ib0 17450.18
cn080ib0 15877.65
cn081ib0 17400.52
cn082ib0 16407.61
cn083ib0 17226.74
cn084ib0 15634.59
cn085ib0 17370.15
cn086ib0 17094.60
cn087ib0 17062.65
cn088ib0 16633.69
cn089ib0 17783.30
cn090ib0 16175.42
cn091ib0 16177.80
cn092ib0 16132.04
cn093ib0 17055.25
cn094ib0 17391.40
cn095ib0 16234.52
cn096ib0 17283.96
cn097ib0 17115.95
cn098ib0 17088.52
cn099ib0 17096.52
