cn059ib0 17241.35
cn060ib0 15637.96
cn061ib0 17399.45
cn062ib0 15672.62
cn063ib0 16407.76
cn064ib0 17139.29
cn065ib0 17116.91
cn066ib0 17175.37
cn067ib0 17051.36
cn068ib0 17140.02
cn069ib0 17207.95
cn070ib0 17350.39
cn071ib0 17443.00
cn072ib0 17290.41
cn073ib0 17273.36
cn074ib0 17165.29
cn075ib0 16424.36
cn076ib0 15709.58
cn077ib0 17242.11
cn078ib0 15063.16
cn079ib0 17360.11
cn080ib0 13537.01
cn081ib0 17528.03
cn082ib0 16357.12
cn083ib0 17142.75
cn084ib0 15735.47
cn085ib0 17342.79
cn086ib0 17196.05
cn087ib0 17301.82
cn088ib0 16846.99
cn089ib0 17895.86
cn090ib0 16201.63
cn091ib0 16286.67
cn092ib0 16226.69
cn093ib0 17496.76
cn094ib0 17591.44
cn095ib0 16286.52
cn096ib0 17452.47
cn097ib0 17014.67
cn098ib0 17140.58
cn099ib0 16885.80
