cn059ib0 19161.46
cn060ib0 17344.94
cn061ib0 19530.49
cn062ib0 17411.95
cn063ib0 17903.88
cn064ib0 18992.97
cn065ib0 19249.71
cn066ib0 18988.14
cn067ib0 19086.44
cn068ib0 19045.70
cn069ib0 18922.64
cn070ib0 13700.75
cn071ib0 19205.60
cn072ib0 19215.47
cn073ib0 19053.75
cn074ib0 19120.77
cn075ib0 18315.03
cn076ib0 17321.67
cn077ib0 19010.11
cn078ib0 16289.23
cn079ib0 19042.66
cn080ib0 17313.61
cn081ib0 19290.87
cn082ib0 17925.38
cn083ib0 18927.83
cn084ib0 17245.02
cn085ib0 19180.26
cn086ib0 18937.98
cn087ib0 18868.68
cn088ib0 16543.70
cn089ib0 19762.02
cn090ib0 16190.94
cn091ib0 16144.86
cn092ib0 16165.21
cn093ib0 17416.52
cn094ib0 17449.41
cn095ib0 16244.00
cn096ib0 19159.26
cn097ib0 18853.33
cn098ib0 18587.61
cn099ib0 18718.81
