cn059ib0 17843.85
cn060ib0 16330.88
cn061ib0 17937.26
cn062ib0 16030.22
cn063ib0 16814.47
cn064ib0 17638.25
cn065ib0 18034.13
cn066ib0 17681.75
cn067ib0 17835.17
cn068ib0 17814.14
cn069ib0 17741.27
cn070ib0 17859.79
cn071ib0 17782.64
cn072ib0 17848.77
cn073ib0 17904.88
cn074ib0 17910.72
cn075ib0 16985.58
cn076ib0 16117.26
cn077ib0 17837.63
cn078ib0 15467.15
cn079ib0 17894.19
cn080ib0 16230.92
cn081ib0 17725.63
cn082ib0 12312.15
cn083ib0 17783.87
cn084ib0 16164.63
cn085ib0 17806.88
cn086ib0 17857.13
cn087ib0 17845.05
cn088ib0 16786.98
cn089ib0 18607.55
cn090ib0 16196.05
cn091ib0 16242.87
cn092ib0 16144.06
cn093ib0 17585.56
cn094ib0 17526.46
cn095ib0 16230.87
cn096ib0 17866.26
cn097ib0 17601.96
cn098ib0 17703.27
cn099ib0 17566.13
