cn059ib0 19754.00
cn060ib0 18628.86
cn061ib0 18882.60
cn062ib0 19126.96
cn063ib0 18903.06
cn064ib0 17601.30
cn065ib0 18895.57
cn066ib0 19016.30
cn067ib0 19057.59
cn068ib0 19133.66
cn069ib0 18930.45
cn070ib0 18896.34
cn071ib0 18944.95
cn072ib0 18775.12
cn073ib0 19217.05
cn074ib0 19102.13
cn075ib0 17971.82
cn076ib0 17371.41
cn077ib0 18711.23
cn078ib0 16044.80
cn079ib0 18851.39
cn080ib0 17295.51
cn081ib0 19120.60
cn082ib0 18002.02
cn083ib0 19143.81
cn084ib0 17227.99
cn085ib0 18906.90
cn086ib0 19047.51
cn087ib0 18561.50
cn088ib0 16764.35
cn089ib0 18420.19
cn090ib0 16176.96
cn091ib0 16190.46
cn092ib0 16191.95
cn093ib0 17371.19
cn094ib0 17322.25
cn095ib0 16262.37
cn096ib0 13266.42
cn097ib0 18971.60
cn098ib0 19071.44
cn099ib0 20532.87
