cn059ib0 18758.03
cn060ib0 18267.75
cn061ib0 18879.08
cn062ib0 19068.70
cn063ib0 18698.78
cn064ib0 17002.35
cn065ib0 18737.83
cn066ib0 18603.92
cn067ib0 18686.55
cn068ib0 18770.16
cn069ib0 18804.75
cn070ib0 19019.77
cn071ib0 18827.98
cn072ib0 18913.47
cn073ib0 19000.76
cn074ib0 20304.63
cn075ib0 17964.39
cn076ib0 16963.40
cn077ib0 18783.46
cn078ib0 16138.27
cn079ib0 18709.82
cn080ib0 17014.17
cn081ib0 18822.42
cn082ib0 17747.25
cn083ib0 18761.92
cn084ib0 16955.84
cn085ib0 18806.15
cn086ib0 18613.36
cn087ib0 18705.53
cn088ib0 16760.30
cn089ib0 19577.63
cn090ib0 16194.16
cn091ib0 16213.08
cn092ib0 16200.93
cn093ib0 17491.39
cn094ib0 17305.70
cn095ib0 16270.41
cn096ib0 19168.58
cn097ib0 18661.31
cn098ib0 13973.50
cn099ib0 17543.87
