cn059ib0 19021.12
cn060ib0 17025.45
cn061ib0 19311.63
cn062ib0 17191.46
cn063ib0 17600.65
cn064ib0 18811.10
cn065ib0 19087.13
cn066ib0 18953.31
cn067ib0 18980.33
cn068ib0 18930.89
cn069ib0 19039.89
cn070ib0 19029.04
cn071ib0 19099.82
cn072ib0 19044.99
cn073ib0 18791.46
cn074ib0 18764.82
cn075ib0 17941.71
cn076ib0 17004.40
cn077ib0 19104.27
cn078ib0 16292.87
cn079ib0 13445.43
cn080ib0 18911.93
cn081ib0 19155.78
cn082ib0 17859.89
cn083ib0 18852.50
cn084ib0 17083.99
cn085ib0 19153.71
cn086ib0 18943.40
cn087ib0 18946.31
cn088ib0 16902.83
cn089ib0 19796.45
cn090ib0 16267.67
cn091ib0 16253.00
cn092ib0 16258.68
cn093ib0 17590.25
cn094ib0 17571.24
cn095ib0 16320.59
cn096ib0 18980.64
cn097ib0 18934.76
cn098ib0 18839.50
cn099ib0 18730.01
