cn059ib0 18726.41
cn060ib0 16937.69
cn061ib0 18919.81
cn062ib0 18412.75
cn063ib0 18898.71
cn064ib0 16860.94
cn065ib0 18723.27
cn066ib0 18525.81
cn067ib0 18770.06
cn068ib0 18640.25
cn069ib0 18745.30
cn070ib0 18851.41
cn071ib0 18714.98
cn072ib0 18892.55
cn073ib0 18662.37
cn074ib0 18801.03
cn075ib0 17858.63
cn076ib0 17054.31
cn077ib0 18954.52
cn078ib0 16081.60
cn079ib0 19040.44
cn080ib0 17036.77
cn081ib0 19131.26
cn082ib0 17843.33
cn083ib0 18821.95
cn084ib0 16989.49
cn085ib0 19067.16
cn086ib0 18839.14
cn087ib0 14034.14
cn088ib0 16768.83
cn089ib0 19264.73
cn090ib0 16238.31
cn091ib0 16244.19
cn092ib0 16273.97
cn093ib0 17417.63
cn094ib0 17397.81
cn095ib0 16302.28
cn096ib0 18519.69
cn097ib0 18833.67
cn098ib0 18646.66
cn099ib0 18568.31
