cn059ib0 19302.02
cn060ib0 17425.82
cn061ib0 19385.25
cn062ib0 17539.08
cn063ib0 18133.98
cn064ib0 19147.39
cn065ib0 19258.56
cn066ib0 19191.46
cn067ib0 19092.56
cn068ib0 19197.38
cn069ib0 19501.88
cn070ib0 19355.02
cn071ib0 19451.61
cn072ib0 13512.59
cn073ib0 19197.65
cn074ib0 19200.56
cn075ib0 18126.89
cn076ib0 17446.15
cn077ib0 19004.68
cn078ib0 16402.40
cn079ib0 19132.20
cn080ib0 17347.31
cn081ib0 19239.26
cn082ib0 19436.87
cn083ib0 19077.68
cn084ib0 17145.83
cn085ib0 19027.76
cn086ib0 18937.00
cn087ib0 18903.57
cn088ib0 16429.71
cn089ib0 19707.19
cn090ib0 16188.75
cn091ib0 16177.49
cn092ib0 16163.78
cn093ib0 17329.98
cn094ib0 17404.99
cn095ib0 14275.57
cn096ib0 19149.81
cn097ib0 18978.32
cn098ib0 18743.99
cn099ib0 18805.25
