cn059ib0 19186.66
cn060ib0 17318.70
cn061ib0 19335.25
cn062ib0 17275.72
cn063ib0 18071.51
cn064ib0 19086.53
cn065ib0 19210.12
cn066ib0 19156.31
cn067ib0 19098.17
cn068ib0 19212.76
cn069ib0 13596.03
cn070ib0 19378.58
cn071ib0 19465.15
cn072ib0 19329.66
cn073ib0 19382.18
cn074ib0 19164.81
cn075ib0 17932.16
cn076ib0 17368.23
cn077ib0 19179.44
cn078ib0 16356.05
cn079ib0 19088.56
cn080ib0 17324.59
cn081ib0 19294.82
cn082ib0 17905.18
cn083ib0 18942.46
cn084ib0 17208.83
cn085ib0 19087.68
cn086ib0 18927.34
cn087ib0 18903.87
cn088ib0 16836.07
cn089ib0 19773.19
cn090ib0 16191.46
cn091ib0 16173.87
cn092ib0 16214.87
cn093ib0 17282.07
cn094ib0 17357.64
cn095ib0 16170.44
cn096ib0 19118.25
cn097ib0 18796.74
cn098ib0 18663.00
cn099ib0 18645.57
