cn059ib0 19304.26
cn060ib0 17321.34
cn061ib0 19575.73
cn062ib0 19335.75
cn063ib0 19491.51
cn064ib0 17627.80
cn065ib0 19673.92
cn066ib0 19510.73
cn067ib0 19372.91
cn068ib0 19591.62
cn069ib0 19337.26
cn070ib0 19451.73
cn071ib0 19747.33
cn072ib0 19948.06
cn073ib0 19469.75
cn074ib0 19052.50
cn075ib0 18457.01
cn076ib0 17700.48
cn077ib0 19645.83
cn078ib0 16795.51
cn079ib0 19905.83
cn080ib0 17685.50
cn081ib0 19849.67
cn082ib0 18586.85
cn083ib0 19533.75
cn084ib0 17735.61
cn085ib0 19908.40
cn086ib0 19536.91
cn087ib0 19611.30
cn088ib0 17485.32
cn089ib0 10612.84
cn090ib0 16193.20
cn091ib0 16240.67
cn092ib0 16246.93
cn093ib0 17556.12
cn094ib0 17111.80
cn095ib0 15738.22
cn096ib0 19588.30
cn097ib0 19442.89
cn098ib0 19476.42
cn099ib0 19242.23
