cn059ib0 18854.89
cn060ib0 17075.11
cn061ib0 19031.74
cn062ib0 17297.13
cn063ib0 17668.31
cn064ib0 18701.39
cn065ib0 18942.01
cn066ib0 18540.35
cn067ib0 20394.07
cn068ib0 18815.35
cn069ib0 18761.56
cn070ib0 19011.01
cn071ib0 18917.91
cn072ib0 18859.84
cn073ib0 18770.11
cn074ib0 18773.67
cn075ib0 17420.32
cn076ib0 16893.78
cn077ib0 18837.51
cn078ib0 16237.31
cn079ib0 20204.28
cn080ib0 17025.88
cn081ib0 18864.14
cn082ib0 17732.99
cn083ib0 13525.80
cn084ib0 16881.82
cn085ib0 19025.30
cn086ib0 19204.25
cn087ib0 18837.69
cn088ib0 16872.14
cn089ib0 19617.24
cn090ib0 16287.63
cn091ib0 16327.35
cn092ib0 16208.82
cn093ib0 17459.98
cn094ib0 17549.11
cn095ib0 16295.67
cn096ib0 18778.35
cn097ib0 18777.39
cn098ib0 18727.08
cn099ib0 19076.08
