cn059ib0 18774.16
cn060ib0 17110.01
cn061ib0 19420.34
cn062ib0 17037.82
cn063ib0 17766.09
cn064ib0 18506.40
cn065ib0 18838.08
cn066ib0 18892.24
cn067ib0 18960.55
cn068ib0 18671.95
cn069ib0 18798.27
cn070ib0 18896.94
cn071ib0 18929.14
cn072ib0 19191.38
cn073ib0 18832.73
cn074ib0 19833.72
cn075ib0 17798.10
cn076ib0 17200.07
cn077ib0 13573.09
cn078ib0 16190.54
cn079ib0 18973.42
cn080ib0 18486.60
cn081ib0 19217.57
cn082ib0 17806.28
cn083ib0 18883.65
cn084ib0 18363.62
cn085ib0 20824.77
cn086ib0 18805.00
cn087ib0 18899.52
cn088ib0 16777.92
cn089ib0 19789.51
cn090ib0 16270.35
cn091ib0 16244.30
cn092ib0 16366.72
cn093ib0 17413.05
cn094ib0 17593.31
cn095ib0 16324.87
cn096ib0 18930.18
cn097ib0 18862.97
cn098ib0 18696.36
cn099ib0 18401.39
