cn059ib0 19305.26
cn060ib0 17418.74
cn061ib0 17660.94
cn062ib0 17457.54
cn063ib0 20954.37
cn064ib0 19163.31
cn065ib0 19537.37
cn066ib0 19037.80
cn067ib0 19492.38
cn068ib0 19073.67
cn069ib0 19589.10
cn070ib0 19753.43
cn071ib0 19629.08
cn072ib0 19504.86
cn073ib0 19496.19
cn074ib0 19240.10
cn075ib0 18365.88
cn076ib0 17352.84
cn077ib0 19107.58
cn078ib0 16302.78
cn079ib0 19461.71
cn080ib0 17480.33
cn081ib0 19138.37
cn082ib0 17835.04
cn083ib0 19164.32
cn084ib0 17080.72
cn085ib0 19294.07
cn086ib0 19282.60
cn087ib0 19010.29
cn088ib0 16608.79
cn089ib0 19776.37
cn090ib0 16200.48
cn091ib0 16171.20
cn092ib0 16139.68
cn093ib0 16766.72
cn094ib0 17236.05
cn095ib0 16071.57
cn096ib0 19310.52
cn097ib0 18951.10
cn098ib0 19161.75
cn099ib0 18856.82
cn100ib0 13008.80
cn101ib0 14773.18
cn102ib0 14872.70
cn104ib0 14899.61
cn106ib0 14785.52
cn107ib0 14882.04
