cn059ib0 19051.96
cn060ib0 17212.74
cn061ib0 19193.33
cn062ib0 17106.16
cn063ib0 17868.80
cn064ib0 19013.89
cn065ib0 19069.72
cn066ib0 18744.94
cn067ib0 18882.49
cn068ib0 18982.90
cn069ib0 19025.34
cn070ib0 18927.94
cn071ib0 19084.82
cn072ib0 19206.27
cn073ib0 18837.03
cn074ib0 13869.74
cn075ib0 17588.72
cn076ib0 18009.22
cn077ib0 18718.34
cn078ib0 16046.06
cn079ib0 19106.71
cn080ib0 17281.77
cn081ib0 19167.95
cn082ib0 17821.53
cn083ib0 18769.61
cn084ib0 16883.52
cn085ib0 18970.10
cn086ib0 18687.95
cn087ib0 18662.30
cn088ib0 16597.39
cn089ib0 19587.52
cn090ib0 16198.61
cn091ib0 16205.96
cn092ib0 16170.13
cn093ib0 17382.23
cn094ib0 17367.92
cn095ib0 16234.17
cn096ib0 18472.59
cn097ib0 18656.81
cn098ib0 18670.48
cn099ib0 18574.52
