cn059ib0 17919.75
cn060ib0 16747.43
cn061ib0 18327.54
cn062ib0 16569.69
cn063ib0 16995.67
cn064ib0 17964.73
cn065ib0 18205.24
cn066ib0 17974.01
cn067ib0 18139.94
cn068ib0 18055.40
cn069ib0 18191.46
cn070ib0 18089.43
cn071ib0 18114.43
cn072ib0 18197.60
cn073ib0 18336.02
cn074ib0 17949.97
cn075ib0 13292.03
cn076ib0 16469.21
cn077ib0 17873.55
cn078ib0 15565.56
cn079ib0 18102.25
cn080ib0 16289.42
cn081ib0 18188.15
cn082ib0 17017.35
cn083ib0 17735.97
cn084ib0 16236.50
cn085ib0 18085.92
cn086ib0 17783.99
cn087ib0 18180.21
cn088ib0 16738.08
cn089ib0 18624.66
cn090ib0 16190.18
cn091ib0 16100.09
cn092ib0 16093.23
cn093ib0 17355.05
cn094ib0 17360.16
cn095ib0 16230.13
cn096ib0 17784.82
cn097ib0 17798.55
cn098ib0 17800.34
cn099ib0 17769.34
