cn059ib0 16269.68
cn060ib0 16224.53
cn061ib0 16417.85
cn062ib0 16251.76
cn063ib0 16265.67
cn064ib0 16220.45
cn065ib0 16228.46
cn066ib0 16244.96
cn067ib0 16270.92
cn068ib0 16234.91
cn069ib0 16282.04
cn070ib0 16182.42
cn071ib0 16266.47
cn072ib0 16224.04
cn073ib0 16163.52
cn074ib0 16244.41
cn075ib0 16285.59
cn076ib0 15727.56
cn077ib0 16322.61
cn078ib0 16285.59
cn079ib0 16272.37
cn080ib0 16326.99
cn081ib0 16306.52
cn082ib0 16311.19
cn083ib0 16307.00
cn084ib0 16279.99
cn085ib0 16353.15
cn086ib0 16300.81
cn087ib0 16335.41
cn088ib0 13350.73
cn089ib0 16279.87
cn090ib0 13003.32
cn091ib0 13321.69
cn092ib0 13051.60
cn093ib0 13797.55
cn094ib0 13759.97
cn095ib0 12656.57
cn096ib0 16197.51
cn097ib0 16240.79
cn098ib0 16181.86
cn099ib0 16260.90
