cn059ib0 16180.67
cn060ib0 16122.20
cn061ib0 16282.49
cn062ib0 16029.87
cn063ib0 16616.22
cn064ib0 16185.68
cn065ib0 16157.71
cn066ib0 16279.96
cn067ib0 16238.51
cn068ib0 16223.32
cn069ib0 16199.60
cn070ib0 16223.65
cn071ib0 16355.60
cn072ib0 16287.71
cn073ib0 16197.10
cn074ib0 16191.70
cn075ib0 16182.45
cn076ib0 16185.08
cn077ib0 16290.97
cn078ib0 16303.70
cn079ib0 16310.68
cn080ib0 16685.89
cn081ib0 16176.85
cn082ib0 16187.65
cn083ib0 16420.01
cn084ib0 16373.48
cn085ib0 16413.28
cn086ib0 16312.91
cn087ib0 16405.21
cn088ib0 13377.87
cn089ib0 15890.30
cn090ib0 13050.96
cn091ib0 18439.75
cn092ib0 13144.03
cn093ib0 13624.08
cn094ib0 13791.78
cn095ib0 13121.38
cn096ib0 16261.22
cn097ib0 16232.83
cn098ib0 16619.28
cn099ib0 16334.07
