cn059ib0 17361.63
cn060ib0 17378.56
cn061ib0 17339.01
cn062ib0 17220.60
cn063ib0 16889.02
cn064ib0 17311.70
cn065ib0 16601.38
cn066ib0 16889.66
cn067ib0 16734.51
cn068ib0 17076.38
cn069ib0 17267.67
cn070ib0 17423.73
cn071ib0 17056.58
cn072ib0 17426.91
cn073ib0 16624.93
cn074ib0 17407.76
cn075ib0 17308.37
cn076ib0 17345.99
cn077ib0 17502.96
cn078ib0 17346.16
cn079ib0 16925.31
cn080ib0 17425.04
cn081ib0 17376.06
cn082ib0 17359.42
cn083ib0 17534.18
cn084ib0 17238.96
cn085ib0 17528.33
cn086ib0 17500.03
cn087ib0 17505.21
cn088ib0 14141.94
cn089ib0 16923.37
cn090ib0 13615.08
cn091ib0 13647.35
cn092ib0 13707.84
cn093ib0 15395.59
cn094ib0 14632.38
cn095ib0 13717.55
cn096ib0 17485.76
cn097ib0 17415.44
cn098ib0 17231.78
cn099ib0 17353.25
