cn059ib0 18961.27
cn060ib0 17188.91
cn061ib0 19258.41
cn062ib0 16984.39
cn063ib0 17832.25
cn064ib0 18874.04
cn065ib0 18959.68
cn066ib0 13367.22
cn067ib0 18893.30
cn068ib0 18893.11
cn069ib0 19198.25
cn070ib0 19146.17
cn071ib0 19047.17
cn072ib0 19084.53
cn073ib0 18980.12
cn074ib0 18812.79
cn075ib0 18014.61
cn076ib0 17138.20
cn077ib0 18666.69
cn078ib0 16221.94
cn079ib0 18929.97
cn080ib0 17054.54
cn081ib0 19014.86
cn082ib0 17790.94
cn083ib0 18786.68
cn084ib0 17012.30
cn085ib0 18880.99
cn086ib0 18814.76
cn087ib0 18628.35
cn088ib0 16644.85
cn089ib0 19598.29
cn090ib0 16214.92
cn091ib0 16190.32
cn092ib0 16163.59
cn093ib0 17540.77
cn094ib0 17364.63
cn095ib0 16196.32
cn096ib0 18771.83
cn097ib0 18799.50
cn098ib0 18719.18
cn099ib0 18484.30
