cn059ib0 18979.88
cn060ib0 17105.14
cn061ib0 19497.49
cn062ib0 17204.90
cn063ib0 17836.80
cn064ib0 18880.67
cn065ib0 19049.97
cn066ib0 18840.12
cn067ib0 18971.27
cn068ib0 13525.28
cn069ib0 19088.68
cn070ib0 18979.76
cn071ib0 19204.93
cn072ib0 19133.70
cn073ib0 19048.13
cn074ib0 18914.05
cn075ib0 18125.31
cn076ib0 17197.31
cn077ib0 18730.87
cn078ib0 16009.19
cn079ib0 18789.73
cn080ib0 16989.09
cn081ib0 19060.40
cn082ib0 17800.23
cn083ib0 18881.86
cn084ib0 16976.36
cn085ib0 18918.03
cn086ib0 18867.70
cn087ib0 18807.49
cn088ib0 16653.17
cn089ib0 19444.24
cn090ib0 16174.04
cn091ib0 16213.66
cn092ib0 16184.71
cn093ib0 17153.32
cn094ib0 17246.32
cn095ib0 16229.88
cn096ib0 19060.09
cn097ib0 18888.41
cn098ib0 18782.64
cn099ib0 18633.57
