cn059ib0 18663.17
cn060ib0 18074.04
cn061ib0 20333.80
cn062ib0 20649.16
cn063ib0 18602.86
cn064ib0 16961.29
cn065ib0 18729.93
cn066ib0 18793.40
cn067ib0 18738.10
cn068ib0 19152.97
cn069ib0 18789.63
cn070ib0 18836.51
cn071ib0 18852.35
cn072ib0 18881.24
cn073ib0 18834.84
cn074ib0 18798.62
cn075ib0 17859.02
cn076ib0 16929.30
cn077ib0 18600.62
cn078ib0 16044.07
cn079ib0 18822.00
cn080ib0 17045.11
cn081ib0 19042.98
cn082ib0 17644.86
cn083ib0 18833.53
cn084ib0 17047.33
cn085ib0 18630.31
cn086ib0 18609.81
cn087ib0 18697.20
cn088ib0 16790.02
cn089ib0 19673.36
cn090ib0 16219.74
cn091ib0 16227.20
cn092ib0 16170.82
cn093ib0 17152.02
cn094ib0 17392.57
cn095ib0 16239.10
cn096ib0 18920.50
cn097ib0 13141.10
cn098ib0 18721.36
cn099ib0 20485.58
