cn059ib0 19207.66
cn060ib0 17214.11
cn061ib0 19621.54
cn062ib0 17413.65
cn063ib0 17930.83
cn064ib0 19042.08
cn065ib0 18995.07
cn066ib0 18970.59
cn067ib0 19165.94
cn068ib0 19152.27
cn069ib0 19197.63
cn070ib0 19203.48
cn071ib0 19308.73
cn072ib0 19203.46
cn073ib0 13417.31
cn074ib0 19026.44
cn075ib0 18424.85
cn076ib0 17415.91
cn077ib0 18914.69
cn078ib0 16247.40
cn079ib0 19059.39
cn080ib0 17277.67
cn081ib0 19224.40
cn082ib0 17744.17
cn083ib0 18773.39
cn084ib0 16952.03
cn085ib0 19025.64
cn086ib0 19889.46
cn087ib0 18705.07
cn088ib0 16851.63
cn089ib0 19716.28
cn090ib0 16193.15
cn091ib0 15251.17
cn092ib0 16170.31
cn093ib0 17292.61
cn094ib0 17346.86
cn095ib0 16230.31
cn096ib0 18851.48
cn097ib0 18843.26
cn098ib0 18718.93
cn099ib0 18742.10
