cn059ib0 19171.22
cn060ib0 17194.16
cn061ib0 19384.17
cn062ib0 17237.49
cn063ib0 17830.53
cn064ib0 18930.82
cn065ib0 12901.57
cn066ib0 19007.69
cn067ib0 19200.06
cn068ib0 19109.26
cn069ib0 19176.35
cn070ib0 19217.80
cn071ib0 19086.86
cn072ib0 19283.09
cn073ib0 19156.57
cn074ib0 18879.88
cn075ib0 18057.03
cn076ib0 17366.31
cn077ib0 18957.94
cn078ib0 15981.71
cn079ib0 19106.81
cn080ib0 17212.58
cn081ib0 19023.89
cn082ib0 17913.82
cn083ib0 18901.01
cn084ib0 17128.43
cn085ib0 19046.77
cn086ib0 18892.51
cn087ib0 18851.70
cn088ib0 16597.78
cn089ib0 19486.22
cn090ib0 16133.80
cn091ib0 16162.91
cn092ib0 16157.93
cn093ib0 16782.51
cn094ib0 17442.91
cn095ib0 16227.22
cn096ib0 19192.96
cn097ib0 18990.05
cn098ib0 18745.41
cn099ib0 18851.91
