cn059ib0 18974.87
cn060ib0 17191.04
cn061ib0 19194.83
cn062ib0 17135.62
cn063ib0 18778.42
cn064ib0 18860.46
cn065ib0 19101.47
cn066ib0 19010.42
cn067ib0 19098.95
cn068ib0 19037.21
cn069ib0 19212.41
cn070ib0 19185.67
cn071ib0 18991.58
cn072ib0 19050.52
cn073ib0 18973.34
cn074ib0 18705.14
cn075ib0 18050.43
cn076ib0 17391.35
cn077ib0 19010.32
cn078ib0 16321.88
cn079ib0 19055.98
cn080ib0 17182.43
cn081ib0 13423.79
cn082ib0 18192.97
cn083ib0 19193.49
cn084ib0 17164.04
cn085ib0 19163.78
cn086ib0 18981.55
cn087ib0 19139.68
cn088ib0 16645.38
cn089ib0 19948.33
cn090ib0 16242.06
cn091ib0 16328.52
cn092ib0 16256.19
cn093ib0 17148.10
cn094ib0 17522.13
cn095ib0 16292.31
cn096ib0 19105.01
cn097ib0 18745.76
cn098ib0 18888.45
cn099ib0 18832.56
