cn059ib0 19036.14
cn060ib0 17277.17
cn061ib0 19310.94
cn062ib0 16952.67
cn063ib0 17929.83
cn064ib0 18889.38
cn065ib0 19179.03
cn066ib0 18838.52
cn067ib0 13467.81
cn068ib0 18919.96
cn069ib0 19131.74
cn070ib0 19146.55
cn071ib0 19049.37
cn072ib0 19245.62
cn073ib0 19223.87
cn074ib0 18906.67
cn075ib0 18067.57
cn076ib0 17206.96
cn077ib0 18897.60
cn078ib0 16193.82
cn079ib0 18943.45
cn080ib0 17053.22
cn081ib0 19112.25
cn082ib0 17877.24
cn083ib0 18778.56
cn084ib0 17034.24
cn085ib0 18967.35
cn086ib0 18845.91
cn087ib0 18894.46
cn088ib0 16824.38
cn089ib0 19544.18
cn090ib0 16200.66
cn091ib0 16155.55
cn092ib0 16140.30
cn093ib0 17138.89
cn094ib0 17411.85
cn095ib0 16261.24
cn096ib0 19044.54
cn097ib0 18736.57
cn098ib0 18864.25
cn099ib0 18804.95
