cn059ib0 16170.90
cn060ib0 16423.28
cn061ib0 16154.74
cn062ib0 16096.20
cn063ib0 16201.06
cn064ib0 16163.20
cn065ib0 16260.41
cn066ib0 16407.36
cn067ib0 16281.85
cn068ib0 16302.61
cn069ib0 16223.57
cn070ib0 16323.88
cn071ib0 16293.90
cn072ib0 16294.86
cn073ib0 16318.31
cn074ib0 16210.07
cn075ib0 16220.15
cn076ib0 16082.37
cn077ib0 16200.64
cn078ib0 16780.72
cn079ib0 16434.93
cn080ib0 16417.36
cn081ib0 16419.46
cn082ib0 16409.88
cn083ib0 16462.58
cn084ib0 16395.01
cn085ib0 16338.60
cn086ib0 16800.64
cn087ib0 16405.34
cn088ib0 13422.14
cn089ib0 15899.67
cn090ib0 13149.99
cn091ib0 13138.64
cn092ib0 18899.75
cn093ib0 13857.03
cn094ib0 13824.08
cn095ib0 13125.61
cn096ib0 16281.14
cn097ib0 16331.31
cn098ib0 16341.27
cn099ib0 16324.37
