cn059ib0 16181.32
cn060ib0 16069.97
cn061ib0 16218.66
cn062ib0 16167.35
cn063ib0 16230.98
cn064ib0 16197.08
cn065ib0 16374.08
cn066ib0 16190.94
cn067ib0 16106.37
cn068ib0 16418.38
cn069ib0 16491.32
cn070ib0 16260.85
cn071ib0 16452.70
cn072ib0 16251.04
cn073ib0 16174.45
cn074ib0 16163.72
cn075ib0 16190.35
cn076ib0 16207.60
cn077ib0 16253.44
cn078ib0 16602.77
cn079ib0 16320.33
cn080ib0 16479.02
cn081ib0 16415.22
cn082ib0 16379.61
cn083ib0 16333.08
cn084ib0 16321.35
cn085ib0 16359.29
cn086ib0 16369.10
cn087ib0 16355.76
cn088ib0 13369.36
cn089ib0 15713.08
cn090ib0 18492.73
cn091ib0 13015.45
cn092ib0 13083.58
cn093ib0 8452.76
cn094ib0 13820.87
cn095ib0 13126.66
cn096ib0 16301.89
cn097ib0 16277.24
cn098ib0 16177.93
cn099ib0 16293.21
