cn059ib0 18988.13
cn060ib0 17176.56
cn061ib0 19006.68
cn062ib0 17163.57
cn063ib0 17798.69
cn064ib0 13326.50
cn065ib0 18987.45
cn066ib0 18833.19
cn067ib0 18945.31
cn068ib0 18925.25
cn069ib0 19200.93
cn070ib0 19101.31
cn071ib0 19008.02
cn072ib0 19175.23
cn073ib0 18997.22
cn074ib0 18744.81
cn075ib0 18106.77
cn076ib0 17160.68
cn077ib0 18744.31
cn078ib0 16002.59
cn079ib0 18862.35
cn080ib0 17196.77
cn081ib0 19161.72
cn082ib0 17680.76
cn083ib0 18704.65
cn084ib0 16950.33
cn085ib0 18916.80
cn086ib0 18660.90
cn087ib0 18896.25
cn088ib0 16786.04
cn089ib0 19561.50
cn090ib0 16171.37
cn091ib0 16158.76
cn092ib0 16177.09
cn093ib0 17003.01
cn094ib0 17357.20
cn095ib0 16223.06
cn096ib0 18963.25
cn097ib0 18731.47
cn098ib0 18696.56
cn099ib0 18598.66
