cn059ib0 16986.24
cn060ib0 15760.69
cn061ib0 17071.77
cn062ib0 15594.68
cn063ib0 16110.11
cn064ib0 16874.64
cn065ib0 17043.57
cn066ib0 16877.15
cn067ib0 16888.71
cn068ib0 16904.25
cn069ib0 17041.86
cn070ib0 17109.64
cn071ib0 17168.53
cn072ib0 17188.94
cn073ib0 17017.13
cn074ib0 17024.61
cn075ib0 16154.12
cn076ib0 15622.61
cn077ib0 17046.56
cn078ib0 14819.70
cn079ib0 17049.60
cn080ib0 15627.24
cn081ib0 17051.96
cn082ib0 16213.96
cn083ib0 17215.70
cn084ib0 13137.72
cn085ib0 17200.10
cn086ib0 16930.69
cn087ib0 17196.02
cn088ib0 16876.82
cn089ib0 17115.72
cn090ib0 16207.39
cn091ib0 16222.54
cn092ib0 16204.15
cn093ib0 17412.46
cn094ib0 17538.30
cn095ib0 16292.47
cn096ib0 17109.43
cn097ib0 16870.07
cn098ib0 17012.76
cn099ib0 16908.43
