cn059ib0 18805.85
cn060ib0 17072.42
cn061ib0 18816.58
cn062ib0 18740.47
cn063ib0 18525.67
cn064ib0 16897.26
cn065ib0 18619.50
cn066ib0 18648.52
cn067ib0 18594.93
cn068ib0 18647.77
cn069ib0 18698.95
cn070ib0 18604.89
cn071ib0 18846.88
cn072ib0 18655.66
cn073ib0 18871.46
cn074ib0 18587.76
cn075ib0 17816.28
cn076ib0 16948.05
cn077ib0 18548.38
cn078ib0 15898.26
cn079ib0 19974.46
cn080ib0 17030.65
cn081ib0 18843.64
cn082ib0 17608.42
cn083ib0 18598.23
cn084ib0 16866.48
cn085ib0 18568.68
cn086ib0 18555.47
cn087ib0 18494.75
cn088ib0 16678.91
cn089ib0 19407.95
cn090ib0 16201.25
cn091ib0 16296.06
cn092ib0 16230.61
cn093ib0 17327.33
cn094ib0 17430.85
cn095ib0 16269.78
cn096ib0 18954.09
cn097ib0 18574.44
cn098ib0 18664.70
cn099ib0 13635.06
