cn059ib0 16823.33
cn060ib0 16678.48
cn061ib0 16770.15
cn062ib0 16593.70
cn063ib0 16810.25
cn064ib0 16849.89
cn065ib0 16782.48
cn066ib0 16806.66
cn067ib0 16713.24
cn068ib0 16876.90
cn069ib0 16755.15
cn070ib0 16729.29
cn071ib0 16844.60
cn072ib0 16794.89
cn073ib0 17395.06
cn074ib0 16821.31
cn075ib0 16793.82
cn076ib0 16789.40
cn077ib0 16844.80
cn078ib0 16631.72
cn079ib0 17457.07
cn080ib0 16639.95
cn081ib0 16794.18
cn082ib0 16890.34
cn083ib0 16772.55
cn084ib0 16767.96
cn085ib0 16881.95
cn086ib0 16875.95
cn087ib0 16861.70
cn088ib0 15326.62
cn089ib0 16818.90
cn090ib0 13356.71
cn091ib0 13776.62
cn092ib0 13352.89
cn093ib0 13971.37
cn094ib0 14145.12
cn095ib0 13422.57
cn096ib0 16782.13
cn097ib0 16768.30
cn098ib0 16661.63
cn099ib0 16790.76
